<?xml version="1.0" encoding="UTF-8"?>
<testsuite xmlns:xsi="http://www.w3.org/2001/XMLSchema-instance" xsi:noNamespaceSchemaLocation="https://maven.apache.org/surefire/maven-surefire-plugin/xsd/surefire-test-report.xsd" name="AccountDepositTest" time="0.002" tests="4" errors="0" skipped="0" failures="0">
  <properties>
    <property name="awt.toolkit" value="sun.lwawt.macosx.LWCToolkit"/>
    <property name="jdk.extensions.version" value="11.0.10.0"/>
    <property name="java.specification.version" value="11"/>
    <property name="file.encoding.pkg" value="sun.io"/>
    <property name="sun.jnu.encoding" value="UTF-8"/>
    <property name="java.class.path" value="/Users/dridibilel/Workspace/bdridi/bank-account-kata/target/test-classes:/Users/dridibilel/Workspace/bdridi/bank-account-kata/target/classes:/Users/dridibilel/.m2/repository/org/jetbrains/kotlin/kotlin-test-junit5/1.6.10/kotlin-test-junit5-1.6.10.jar:/Users/dridibilel/.m2/repository/org/jetbrains/kotlin/kotlin-test/1.6.10/kotlin-test-1.6.10.jar:/Users/dridibilel/.m2/repository/org/joda/joda-money/1.0.1/joda-money-1.0.1.jar:/Users/dridibilel/.m2/repository/org/junit/jupiter/junit-jupiter-api/5.6.0/junit-jupiter-api-5.6.0.jar:/Users/dridibilel/.m2/repository/org/apiguardian/apiguardian-api/1.1.0/apiguardian-api-1.1.0.jar:/Users/dridibilel/.m2/repository/org/opentest4j/opentest4j/1.2.0/opentest4j-1.2.0.jar:/Users/dridibilel/.m2/repository/org/junit/platform/junit-platform-commons/1.6.0/junit-platform-commons-1.6.0.jar:/Users/dridibilel/.m2/repository/org/junit/jupiter/junit-jupiter-engine/5.6.0/junit-jupiter-engine-5.6.0.jar:/Users/dridibilel/.m2/repository/org/junit/platform/junit-platform-engine/1.6.0/junit-platform-engine-1.6.0.jar:/Users/dridibilel/.m2/repository/org/jetbrains/kotlin/kotlin-stdlib-jdk8/1.6.10/kotlin-stdlib-jdk8-1.6.10.jar:/Users/dridibilel/.m2/repository/org/jetbrains/kotlin/kotlin-stdlib/1.6.10/kotlin-stdlib-1.6.10.jar:/Users/dridibilel/.m2/repository/org/jetbrains/annotations/13.0/annotations-13.0.jar:/Users/dridibilel/.m2/repository/org/jetbrains/kotlin/kotlin-stdlib-common/1.6.10/kotlin-stdlib-common-1.6.10.jar:/Users/dridibilel/.m2/repository/org/jetbrains/kotlin/kotlin-stdlib-jdk7/1.6.10/kotlin-stdlib-jdk7-1.6.10.jar:/Users/dridibilel/.m2/repository/org/mockito/kotlin/mockito-kotlin/3.2.0/mockito-kotlin-3.2.0.jar:/Users/dridibilel/.m2/repository/org/mockito/mockito-core/3.9.0/mockito-core-3.9.0.jar:/Users/dridibilel/.m2/repository/net/bytebuddy/byte-buddy/1.10.20/byte-buddy-1.10.20.jar:/Users/dridibilel/.m2/repository/net/bytebuddy/byte-buddy-agent/1.10.20/byte-buddy-agent-1.10.20.jar:/Users/dridibilel/.m2/repository/org/objenesis/objenesis/3.2/objenesis-3.2.jar:/Users/dridibilel/.m2/repository/org/assertj/assertj-core/3.22.0/assertj-core-3.22.0.jar:"/>
    <property name="java.vm.vendor" value="Eclipse OpenJ9"/>
    <property name="com.ibm.vm.bitmode" value="64"/>
    <property name="sun.arch.data.model" value="64"/>
    <property name="user.variant" value=""/>
    <property name="com.ibm.oti.vm.library.version" value="29"/>
    <property name="java.vendor.url" value="https://adoptopenjdk.net/"/>
    <property name="user.timezone" value=""/>
    <property name="os.name" value="Mac OS X"/>
    <property name="java.vm.specification.version" value="11"/>
    <property name="user.country" value="US"/>
    <property name="sun.java.launcher" value="SUN_STANDARD"/>
    <property name="sun.boot.library.path" value="/Users/dridibilel/.sdkman/candidates/java/11.0.10.j9-adpt/lib/compressedrefs:/Users/dridibilel/.sdkman/candidates/java/11.0.10.j9-adpt/lib"/>
    <property name="sun.java.command" value="/Users/dridibilel/Workspace/bdridi/bank-account-kata/target/surefire/surefirebooter2882266490214226237.jar /Users/dridibilel/Workspace/bdridi/bank-account-kata/target/surefire 2022-04-03T23-05-17_945-jvmRun1 surefire537814174323040102tmp surefire_08689943325679292892tmp"/>
    <property name="surefire.test.class.path" value="/Users/dridibilel/Workspace/bdridi/bank-account-kata/target/test-classes:/Users/dridibilel/Workspace/bdridi/bank-account-kata/target/classes:/Users/dridibilel/.m2/repository/org/jetbrains/kotlin/kotlin-test-junit5/1.6.10/kotlin-test-junit5-1.6.10.jar:/Users/dridibilel/.m2/repository/org/jetbrains/kotlin/kotlin-test/1.6.10/kotlin-test-1.6.10.jar:/Users/dridibilel/.m2/repository/org/joda/joda-money/1.0.1/joda-money-1.0.1.jar:/Users/dridibilel/.m2/repository/org/junit/jupiter/junit-jupiter-api/5.6.0/junit-jupiter-api-5.6.0.jar:/Users/dridibilel/.m2/repository/org/apiguardian/apiguardian-api/1.1.0/apiguardian-api-1.1.0.jar:/Users/dridibilel/.m2/repository/org/opentest4j/opentest4j/1.2.0/opentest4j-1.2.0.jar:/Users/dridibilel/.m2/repository/org/junit/platform/junit-platform-commons/1.6.0/junit-platform-commons-1.6.0.jar:/Users/dridibilel/.m2/repository/org/junit/jupiter/junit-jupiter-engine/5.6.0/junit-jupiter-engine-5.6.0.jar:/Users/dridibilel/.m2/repository/org/junit/platform/junit-platform-engine/1.6.0/junit-platform-engine-1.6.0.jar:/Users/dridibilel/.m2/repository/org/jetbrains/kotlin/kotlin-stdlib-jdk8/1.6.10/kotlin-stdlib-jdk8-1.6.10.jar:/Users/dridibilel/.m2/repository/org/jetbrains/kotlin/kotlin-stdlib/1.6.10/kotlin-stdlib-1.6.10.jar:/Users/dridibilel/.m2/repository/org/jetbrains/annotations/13.0/annotations-13.0.jar:/Users/dridibilel/.m2/repository/org/jetbrains/kotlin/kotlin-stdlib-common/1.6.10/kotlin-stdlib-common-1.6.10.jar:/Users/dridibilel/.m2/repository/org/jetbrains/kotlin/kotlin-stdlib-jdk7/1.6.10/kotlin-stdlib-jdk7-1.6.10.jar:/Users/dridibilel/.m2/repository/org/mockito/kotlin/mockito-kotlin/3.2.0/mockito-kotlin-3.2.0.jar:/Users/dridibilel/.m2/repository/org/mockito/mockito-core/3.9.0/mockito-core-3.9.0.jar:/Users/dridibilel/.m2/repository/net/bytebuddy/byte-buddy/1.10.20/byte-buddy-1.10.20.jar:/Users/dridibilel/.m2/repository/net/bytebuddy/byte-buddy-agent/1.10.20/byte-buddy-agent-1.10.20.jar:/Users/dridibilel/.m2/repository/org/objenesis/objenesis/3.2/objenesis-3.2.jar:/Users/dridibilel/.m2/repository/org/assertj/assertj-core/3.22.0/assertj-core-3.22.0.jar:"/>
    <property name="sun.cpu.endian" value="little"/>
    <property name="user.home" value="/Users/dridibilel"/>
    <property name="user.language" value="en"/>
    <property name="java.specification.vendor" value="Oracle Corporation"/>
    <property name="java.version.date" value="2021-01-19"/>
    <property name="java.home" value="/Users/dridibilel/.sdkman/candidates/java/11.0.10.j9-adpt"/>
    <property name="ibm.signalhandling.rs" value="false"/>
    <property name="jdk.extensions.name" value="Extensions for OpenJDK for Eclipse OpenJ9"/>
    <property name="basedir" value="/Users/dridibilel/Workspace/bdridi/bank-account-kata"/>
    <property name="file.separator" value="/"/>
    <property name="line.separator" value="&#10;"/>
    <property name="java.vm.specification.vendor" value="Oracle Corporation"/>
    <property name="java.specification.name" value="Java Platform API Specification"/>
    <property name="java.compiler" value="j9jit29"/>
    <property name="com.ibm.util.extralibs.properties" value=""/>
    <property name="java.awt.graphicsenv" value="sun.awt.CGraphicsEnvironment"/>
    <property name="com.ibm.oti.configuration" value="scar"/>
    <property name="surefire.real.class.path" value="/Users/dridibilel/Workspace/bdridi/bank-account-kata/target/surefire/surefirebooter2882266490214226237.jar"/>
    <property name="com.ibm.oti.shared.enabled" value="false"/>
    <property name="com.ibm.oti.vm.bootstrap.library.path" value="/Users/dridibilel/.sdkman/candidates/java/11.0.10.j9-adpt/lib/compressedrefs:/Users/dridibilel/.sdkman/candidates/java/11.0.10.j9-adpt/lib"/>
    <property name="com.ibm.cpu.endian" value="little"/>
    <property name="java.fullversion" value="11.0.10+9&#10;JRE 11 Mac OS X amd64-64-Bit Compressed References 20210120_897 (JIT enabled, AOT enabled)&#10;OpenJ9   - 345e1b09e&#10;OMR      - 741e94ea8&#10;JCL      - 0a86953833 based on jdk-11.0.10+9"/>
    <property name="java.runtime.version" value="11.0.10+9"/>
    <property name="user.name" value="dridibilel"/>
    <property name="path.separator" value=":"/>
    <property name="os.version" value="10.16"/>
    <property name="java.runtime.name" value="OpenJDK Runtime Environment"/>
    <property name="ibm.signalhandling.sigint" value="true"/>
    <property name="file.encoding" value="UTF-8"/>
    <property name="java.vm.name" value="Eclipse OpenJ9 VM"/>
    <property name="java.vendor.version" value="AdoptOpenJDK"/>
    <property name="ibm.signalhandling.sigchain" value="true"/>
    <property name="localRepository" value="/Users/dridibilel/.m2/repository"/>
    <property name="java.vendor.url.bug" value="https://github.com/AdoptOpenJDK/openjdk-support/issues"/>
    <property name="java.io.tmpdir" value="/var/folders/y7/v24969kn181fm3r189x2r__80000gn/T/"/>
    <property name="java.version" value="11.0.10"/>
    <property name="user.dir" value="/Users/dridibilel/Workspace/bdridi/bank-account-kata"/>
    <property name="com.ibm.system.agent.path" value="/Users/dridibilel/.sdkman/candidates/java/11.0.10.j9-adpt/lib"/>
    <property name="os.arch" value="x86_64"/>
    <property name="java.vm.specification.name" value="Java Virtual Machine Specification"/>
    <property name="java.awt.printerjob" value="sun.lwawt.macosx.CPrinterJob"/>
    <property name="os.encoding" value="UTF-8"/>
    <property name="java.library.path" value="/Users/dridibilel/.sdkman/candidates/java/11.0.10.j9-adpt/lib/compressedrefs:/Users/dridibilel/.sdkman/candidates/java/11.0.10.j9-adpt/lib:/usr/lib"/>
    <property name="java.vm.info" value="JRE 11 Mac OS X amd64-64-Bit Compressed References 20210120_897 (JIT enabled, AOT enabled)&#10;OpenJ9   - 345e1b09e&#10;OMR      - 741e94ea8&#10;JCL      - 0a86953833 based on jdk-11.0.10+9"/>
    <property name="java.vendor" value="AdoptOpenJDK"/>
    <property name="java.vm.version" value="openj9-0.24.0"/>
    <property name="ibm.system.encoding" value="UTF-8"/>
    <property name="com.ibm.jcl.checkClassPath" value=""/>
    <property name="sun.io.unicode.encoding" value="UnicodeLittle"/>
    <property name="java.class.version" value="55.0"/>
  </properties>
  <testcase name="deposit zero amount of money should throw an exception$kata_bank_account" classname="AccountDepositTest" time="0"/>
  <testcase name="deposit negative amount of money should throw an exception$kata_bank_account" classname="AccountDepositTest" time="0"/>
  <testcase name="deposit an amount in different account&apos;s currency should should throw an exception$kata_bank_account" classname="AccountDepositTest" time="0"/>
  <testcase name="deposit money to account should create deposit transaction$kata_bank_account" classname="AccountDepositTest" time="0.002"/>
</testsuite>